<?xml version="1.0" encoding="UTF-8"?>
<!-- Generated by org.testng.reporters.JUnitReportReporter -->
<testsuite hostname="Laxman" failures="0" tests="4" name="TestNGs.invocations" time="0.030" errors="0" timestamp="2023-12-16T22:42:57 IST" skipped="0">
  <testcase classname="TestNGs.invocations" name="writingtheexma" time="0.016"/>
  <system-out/>
  <testcase classname="TestNGs.invocations" name="correction" time="0.005"/>
  <system-out/>
  <testcase classname="TestNGs.invocations" name="rsults" time="0.007"/>
  <system-out/>
  <testcase classname="TestNGs.invocations" name="festival" time="0.002"/>
  <system-out/>
</testsuite> <!-- TestNGs.invocations -->
