<?xml version="1.0" encoding="UTF-8"?>
<!-- Generated by org.testng.reporters.JUnitReportReporter -->
<testsuite hostname="Laxman" failures="0" tests="1" name="frames.switchtooneframe" time="3.795" errors="0" timestamp="2023-12-18T04:03:17 IST" skipped="0">
  <testcase classname="frames.switchtooneframe" name="counttable" time="3.795"/>
  <system-out/>
</testsuite> <!-- frames.switchtooneframe -->
