<?xml version="1.0" encoding="UTF-8"?>
<!-- Generated by org.testng.reporters.JUnitReportReporter -->
<testsuite hostname="Laxman" failures="0" tests="1" name="mouseoveractions.draganddrop" time="3.518" errors="0" timestamp="2023-12-18T02:42:23 IST" skipped="0">
  <testcase classname="mouseoveractions.draganddrop" name="dragdrop" time="3.518"/>
  <system-out/>
</testsuite> <!-- mouseoveractions.draganddrop -->
