<?xml version="1.0" encoding="UTF-8"?>
<!-- Generated by org.testng.reporters.JUnitReportReporter -->
<testsuite hostname="Laxman" failures="0" tests="4" name="TestNGs.isenabled" time="0.014" errors="0" timestamp="2023-12-16T22:36:43 IST" skipped="1">
  <testcase classname="TestNGs.isenabled" name="writingtheexma" time="0.008"/>
  <system-out/>
  <testcase classname="TestNGs.isenabled" name="correction" time="0.002"/>
  <system-out/>
  <testcase classname="TestNGs.isenabled" name="rsults" time="0.004"/>
  <system-out/>
  <testcase classname="TestNGs.isenabled" name="festival">
    <skipped/>
  </testcase> <!-- festival -->
  <system-out/>
</testsuite> <!-- TestNGs.isenabled -->
