<?xml version="1.0" encoding="UTF-8"?>
<!-- Generated by org.testng.reporters.JUnitReportReporter -->
<testsuite hostname="Laxman" failures="0" tests="1" name="frames.countandnameofframes" time="0.590" errors="0" timestamp="2023-12-18T03:57:38 IST" skipped="0">
  <testcase classname="frames.countandnameofframes" name="countofframe" time="0.590"/>
  <system-out/>
</testsuite> <!-- frames.countandnameofframes -->
