<?xml version="1.0" encoding="UTF-8"?>
<!-- Generated by org.testng.reporters.JUnitReportReporter -->
<testsuite hostname="Laxman" failures="0" tests="4" name="TestNGs.hiearchaeys" time="0.019" errors="0" timestamp="2023-12-16T22:41:47 IST" skipped="0">
  <testcase classname="TestNGs.hiearchaeys" name="samber" time="0.002"/>
  <system-out/>
  <testcase classname="TestNGs.hiearchaeys" name="cofee" time="0.009"/>
  <system-out/>
  <testcase classname="TestNGs.hiearchaeys" name="idly" time="0.002"/>
  <system-out/>
  <testcase classname="TestNGs.hiearchaeys" name="rice" time="0.006"/>
  <system-out/>
</testsuite> <!-- TestNGs.hiearchaeys -->
