<?xml version="1.0" encoding="UTF-8"?>
<!-- Generated by org.testng.reporters.JUnitReportReporter -->
<testsuite hostname="Laxman" failures="0" tests="1" name="alerts.promptalert" time="1.261" errors="0" timestamp="2023-12-19T08:57:13 IST" skipped="0">
  <testcase classname="alerts.promptalert" name="prompt" time="1.261"/>
  <system-out/>
</testsuite> <!-- alerts.promptalert -->
