<?xml version="1.0" encoding="UTF-8"?>
<!-- Generated by org.testng.reporters.JUnitReportReporter -->
<testsuite hostname="Laxman" failures="0" tests="1" name="mouseoveractions.movetoelement" time="2.211" errors="0" timestamp="2023-12-18T01:51:29 IST" skipped="0">
  <testcase classname="mouseoveractions.movetoelement" name="move" time="2.211"/>
  <system-out/>
</testsuite> <!-- mouseoveractions.movetoelement -->
