<?xml version="1.0" encoding="UTF-8"?>
<!-- Generated by org.testng.reporters.JUnitReportReporter -->
<testsuite hostname="Laxman" failures="0" tests="1" name="mouseoveractions.doubleclic" time="4.468" errors="0" timestamp="2023-12-18T01:54:17 IST" skipped="0">
  <testcase classname="mouseoveractions.doubleclic" name="doubleclick" time="4.468"/>
  <system-out/>
</testsuite> <!-- mouseoveractions.doubleclic -->
