<?xml version="1.0" encoding="UTF-8"?>
<!-- Generated by org.testng.reporters.JUnitReportReporter -->
<testsuite hostname="Laxman" failures="0" tests="1" name="alerts.confirmstionalert" time="1.264" errors="0" timestamp="2023-12-19T08:58:23 IST" skipped="0">
  <testcase classname="alerts.confirmstionalert" name="confirmation" time="1.264"/>
  <system-out/>
</testsuite> <!-- alerts.confirmstionalert -->
