<?xml version="1.0" encoding="UTF-8"?>
<!-- Generated by org.testng.reporters.JUnitReportReporter -->
<testsuite hostname="Laxman" failures="0" tests="1" name="mouseoveractions.rightclick" time="1.401" errors="0" timestamp="2023-12-18T01:31:56 IST" skipped="0">
  <testcase classname="mouseoveractions.rightclick" name="right" time="1.401"/>
  <system-out/>
</testsuite> <!-- mouseoveractions.rightclick -->
