<?xml version="1.0" encoding="UTF-8"?>
<!-- Generated by org.testng.reporters.JUnitReportReporter -->
<testsuite hostname="One-last-life-P" failures="0" tests="1" name="pom.steps" time="11.278" errors="0" timestamp="2024-01-03T22:30:52 IST" skipped="0">
  <testcase classname="pom.steps" name="operation" time="11.278"/>
  <system-out/>
</testsuite> <!-- pom.steps -->
