<?xml version="1.0" encoding="UTF-8"?>
<!-- Generated by org.testng.reporters.JUnitReportReporter -->
<testsuite hostname="Laxman" failures="0" tests="3" name="TestNGs.beforetests" time="0.013" errors="0" timestamp="2023-12-16T22:33:42 IST" skipped="0">
  <testcase classname="TestNGs.beforetests" name="writingtheexma" time="0.006"/>
  <system-out/>
  <testcase classname="TestNGs.beforetests" name="correction" time="0.002"/>
  <system-out/>
  <testcase classname="TestNGs.beforetests" name="rsults" time="0.005"/>
  <system-out/>
</testsuite> <!-- TestNGs.beforetests -->
