<?xml version="1.0" encoding="UTF-8"?>
<!-- Generated by org.testng.reporters.JUnitReportReporter -->
<testsuite hostname="One-last-life-P" failures="0" tests="3" name="TestNGs.beforemethods" time="0.020" errors="0" timestamp="2023-12-30T09:38:37 IST" skipped="0">
  <testcase classname="TestNGs.beforemethods" name="writingtheexma" time="0.015"/>
  <system-out/>
  <testcase classname="TestNGs.beforemethods" name="correction" time="0.004"/>
  <system-out/>
  <testcase classname="TestNGs.beforemethods" name="rsults" time="0.001"/>
  <system-out/>
</testsuite> <!-- TestNGs.beforemethods -->
